<?xml version="1.0" encoding="UTF-8"?>
<testng-results ignored="0" total="1" passed="1" failed="0" skipped="0">
  <reporter-output>
  </reporter-output>
  <suite started-at="2024-12-19T11:02:47 IST" name="Suite" finished-at="2024-12-19T11:03:06 IST" duration-ms="19346">
    <groups>
    </groups>
    <test started-at="2024-12-19T11:02:47 IST" name="Test" finished-at="2024-12-19T11:03:06 IST" duration-ms="19346">
      <class name="logintest.testes">
        <test-method signature="logintestcase()[pri:0, instance:logintest.testes@10c626be]" started-at="2024-12-19T11:02:47 IST" name="logintestcase" finished-at="2024-12-19T11:03:06 IST" duration-ms="19316" status="PASS">
          <reporter-output>
          </reporter-output>
        </test-method> <!-- logintestcase -->
      </class> <!-- logintest.testes -->
    </test> <!-- Test -->
  </suite> <!-- Suite -->
</testng-results>
