<?xml version="1.0" encoding="UTF-8"?>
<testng-results ignored="0" total="1" passed="1" failed="0" skipped="0">
  <reporter-output>
  </reporter-output>
  <suite started-at="2024-12-23T11:15:12 IST" name="Default suite" finished-at="2024-12-23T11:15:27 IST" duration-ms="15110">
    <groups>
    </groups>
    <test started-at="2024-12-23T11:15:12 IST" name="Default test" finished-at="2024-12-23T11:15:27 IST" duration-ms="15110">
      <class name="logintest.testes">
        <test-method signature="logintestcase()[pri:0, instance:logintest.testes@4b8ee4de]" started-at="2024-12-23T11:15:12 IST" name="logintestcase" finished-at="2024-12-23T11:15:27 IST" duration-ms="15058" status="PASS">
          <reporter-output>
          </reporter-output>
        </test-method> <!-- logintestcase -->
      </class> <!-- logintest.testes -->
    </test> <!-- Default test -->
  </suite> <!-- Default suite -->
</testng-results>
